<?xml version="1.0" encoding="UTF-8"?>
<robot generator="Robot 4.1 (Python 3.9.6 on win32)" generated="20220131 21:57:50.749" rpa="false" schemaversion="2">
<suite id="s1" name="Webautomation" source="C:\Automacao\Curso Prime\CURSO - PRIME\Projetos\Webautomation\Site automacaocombatista\tests\webautomation.robot">
<test id="s1-t1" name="Cenario: Criar usuário através da sessão de lista de usuários">
<kw name="Abrir navegador" library="hooks" type="SETUP">
<kw name="Open Browser" library="SeleniumLibrary">
<arg>browser=${BROWSER}</arg>
<arg>options=add_experimental_option('excludeSwitches', ['enable-logging'])</arg>
<doc>Opens a new browser instance to the optional ``url``.</doc>
<msg timestamp="20220131 21:57:50.961" level="INFO">Opening browser 'chrome' to base url 'None'.</msg>
<status status="PASS" starttime="20220131 21:57:50.960" endtime="20220131 21:57:52.137"/>
</kw>
<kw name="Maximize Browser Window" library="SeleniumLibrary">
<doc>Maximizes current browser window.</doc>
<status status="PASS" starttime="20220131 21:57:52.137" endtime="20220131 21:57:52.265"/>
</kw>
<status status="PASS" starttime="20220131 21:57:50.960" endtime="20220131 21:57:52.266"/>
</kw>
<kw name="Dado que eu esteja na tela de lista de usuários" library="kws_webautomation">
<kw name="Go To" library="SeleniumLibrary">
<arg>https://automacaocombatista.herokuapp.com/users</arg>
<doc>Navigates the current browser window to the provided ``url``.</doc>
<msg timestamp="20220131 21:57:52.271" level="INFO">Opening url 'https://automacaocombatista.herokuapp.com/users'</msg>
<status status="PASS" starttime="20220131 21:57:52.270" endtime="20220131 21:57:53.978"/>
</kw>
<kw name="Sleep" library="BuiltIn">
<arg>2</arg>
<doc>Pauses the test executed for the given time.</doc>
<msg timestamp="20220131 21:57:55.983" level="INFO">Slept 2 seconds</msg>
<status status="PASS" starttime="20220131 21:57:53.979" endtime="20220131 21:57:55.983"/>
</kw>
<kw name="Maximize Browser Window" library="SeleniumLibrary">
<doc>Maximizes current browser window.</doc>
<status status="PASS" starttime="20220131 21:57:55.983" endtime="20220131 21:57:55.986"/>
</kw>
<kw name="Capture Page Screenshot" library="SeleniumLibrary">
<doc>Takes a screenshot of the current page and embeds it into a log file.</doc>
<msg timestamp="20220131 21:57:56.096" level="INFO" html="true">&lt;/td&gt;&lt;/tr&gt;&lt;tr&gt;&lt;td colspan="3"&gt;&lt;a href="selenium-screenshot-8.png"&gt;&lt;img src="selenium-screenshot-8.png" width="800px"&gt;&lt;/a&gt;</msg>
<status status="PASS" starttime="20220131 21:57:55.987" endtime="20220131 21:57:56.096"/>
</kw>
<status status="PASS" starttime="20220131 21:57:52.268" endtime="20220131 21:57:56.097"/>
</kw>
<kw name="E clique na opção NOVO USUÁRIO" library="kws_webautomation">
<kw name="Click Element" library="SeleniumLibrary">
<arg>xpath=//*[contains(text(), 'Novo Usuário')]</arg>
<doc>Click the element identified by ``locator``.</doc>
<msg timestamp="20220131 21:57:56.098" level="INFO">Clicking element 'xpath=//*[contains(text(), 'Novo Usuário')]'.</msg>
<status status="PASS" starttime="20220131 21:57:56.097" endtime="20220131 21:57:56.166"/>
</kw>
<kw name="Sleep" library="BuiltIn">
<arg>2</arg>
<doc>Pauses the test executed for the given time.</doc>
<msg timestamp="20220131 21:57:58.180" level="INFO">Slept 2 seconds</msg>
<status status="PASS" starttime="20220131 21:57:56.166" endtime="20220131 21:57:58.180"/>
</kw>
<kw name="Capture Page Screenshot" library="SeleniumLibrary">
<doc>Takes a screenshot of the current page and embeds it into a log file.</doc>
<msg timestamp="20220131 21:57:58.273" level="INFO" html="true">&lt;/td&gt;&lt;/tr&gt;&lt;tr&gt;&lt;td colspan="3"&gt;&lt;a href="selenium-screenshot-9.png"&gt;&lt;img src="selenium-screenshot-9.png" width="800px"&gt;&lt;/a&gt;</msg>
<status status="PASS" starttime="20220131 21:57:58.180" endtime="20220131 21:57:58.273"/>
</kw>
<status status="PASS" starttime="20220131 21:57:56.097" endtime="20220131 21:57:58.273"/>
</kw>
<kw name="E preecher todos os campos" library="kws_webautomation">
<kw name="Input Text" library="SeleniumLibrary">
<arg>id=user_name</arg>
<arg>${NOVO_USER.nome}</arg>
<doc>Types the given ``text`` into the text field identified by ``locator``.</doc>
<msg timestamp="20220131 21:57:58.275" level="INFO">Typing text 'Junior' into text field 'id=user_name'.</msg>
<status status="PASS" starttime="20220131 21:57:58.274" endtime="20220131 21:57:58.359"/>
</kw>
<kw name="Input Text" library="SeleniumLibrary">
<arg>id=user_lastname</arg>
<arg>${NOVO_USER.ultimo_nome}</arg>
<doc>Types the given ``text`` into the text field identified by ``locator``.</doc>
<msg timestamp="20220131 21:57:58.359" level="INFO">Typing text 'lara' into text field 'id=user_lastname'.</msg>
<status status="PASS" starttime="20220131 21:57:58.359" endtime="20220131 21:57:58.438"/>
</kw>
<kw name="Input Text" library="SeleniumLibrary">
<arg>id=user_email</arg>
<arg>${NOVO_USER.email}</arg>
<doc>Types the given ``text`` into the text field identified by ``locator``.</doc>
<msg timestamp="20220131 21:57:58.439" level="INFO">Typing text 'Junior@gmail.com' into text field 'id=user_email'.</msg>
<status status="PASS" starttime="20220131 21:57:58.438" endtime="20220131 21:57:58.531"/>
</kw>
<kw name="Input Text" library="SeleniumLibrary">
<arg>id=user_address</arg>
<arg>${NOVO_USER.endereco}</arg>
<doc>Types the given ``text`` into the text field identified by ``locator``.</doc>
<msg timestamp="20220131 21:57:58.532" level="INFO">Typing text 'rua' into text field 'id=user_address'.</msg>
<status status="PASS" starttime="20220131 21:57:58.531" endtime="20220131 21:57:58.601"/>
</kw>
<kw name="Input Text" library="SeleniumLibrary">
<arg>id=user_university</arg>
<arg>${NOVO_USER.universidade}</arg>
<doc>Types the given ``text`` into the text field identified by ``locator``.</doc>
<msg timestamp="20220131 21:57:58.601" level="INFO">Typing text 'positivo' into text field 'id=user_university'.</msg>
<status status="PASS" starttime="20220131 21:57:58.601" endtime="20220131 21:57:58.681"/>
</kw>
<kw name="Input Text" library="SeleniumLibrary">
<arg>id=user_profile</arg>
<arg>${NOVO_USER.profissao}</arg>
<doc>Types the given ``text`` into the text field identified by ``locator``.</doc>
<msg timestamp="20220131 21:57:58.683" level="INFO">Typing text 'QA' into text field 'id=user_profile'.</msg>
<status status="PASS" starttime="20220131 21:57:58.681" endtime="20220131 21:57:58.754"/>
</kw>
<kw name="Input Text" library="SeleniumLibrary">
<arg>id=user_gender</arg>
<arg>${NOVO_USER.genero}</arg>
<doc>Types the given ``text`` into the text field identified by ``locator``.</doc>
<msg timestamp="20220131 21:57:58.756" level="INFO">Typing text 'masculino' into text field 'id=user_gender'.</msg>
<status status="PASS" starttime="20220131 21:57:58.755" endtime="20220131 21:57:58.840"/>
</kw>
<kw name="Input Text" library="SeleniumLibrary">
<arg>id=user_age</arg>
<arg>${NOVO_USER.idade}</arg>
<doc>Types the given ``text`` into the text field identified by ``locator``.</doc>
<msg timestamp="20220131 21:57:58.841" level="INFO">Typing text '25' into text field 'id=user_age'.</msg>
<status status="PASS" starttime="20220131 21:57:58.840" endtime="20220131 21:57:58.923"/>
</kw>
<kw name="Capture Page Screenshot" library="SeleniumLibrary">
<doc>Takes a screenshot of the current page and embeds it into a log file.</doc>
<msg timestamp="20220131 21:57:59.111" level="INFO" html="true">&lt;/td&gt;&lt;/tr&gt;&lt;tr&gt;&lt;td colspan="3"&gt;&lt;a href="selenium-screenshot-10.png"&gt;&lt;img src="selenium-screenshot-10.png" width="800px"&gt;&lt;/a&gt;</msg>
<status status="PASS" starttime="20220131 21:57:58.923" endtime="20220131 21:57:59.111"/>
</kw>
<status status="PASS" starttime="20220131 21:57:58.273" endtime="20220131 21:57:59.112"/>
</kw>
<kw name="Quando clicar em criars" library="kws_webautomation">
<kw name="Click Element" library="SeleniumLibrary">
<arg>xpath=//input[@value='Criar']</arg>
<doc>Click the element identified by ``locator``.</doc>
<msg timestamp="20220131 21:57:59.113" level="INFO">Clicking element 'xpath=//input[@value='Criar']'.</msg>
<status status="PASS" starttime="20220131 21:57:59.112" endtime="20220131 21:57:59.953"/>
</kw>
<kw name="Capture Page Screenshot" library="SeleniumLibrary">
<doc>Takes a screenshot of the current page and embeds it into a log file.</doc>
<msg timestamp="20220131 21:58:00.062" level="INFO" html="true">&lt;/td&gt;&lt;/tr&gt;&lt;tr&gt;&lt;td colspan="3"&gt;&lt;a href="selenium-screenshot-11.png"&gt;&lt;img src="selenium-screenshot-11.png" width="800px"&gt;&lt;/a&gt;</msg>
<status status="PASS" starttime="20220131 21:57:59.953" endtime="20220131 21:58:00.062"/>
</kw>
<status status="PASS" starttime="20220131 21:57:59.112" endtime="20220131 21:58:00.063"/>
</kw>
<kw name="Então deve ser apresentada a mensagem &quot;Úsuario Criado com sucesso&quot;s" library="kws_webautomation">
<kw name="Wait Until Element Is Visible" library="SeleniumLibrary">
<arg>xpath=//*[contains(text(), 'Usuário Criado com sucesso')]</arg>
<doc>Waits until the element ``locator`` is visible.</doc>
<status status="PASS" starttime="20220131 21:58:00.063" endtime="20220131 21:58:00.084"/>
</kw>
<status status="PASS" starttime="20220131 21:58:00.063" endtime="20220131 21:58:00.084"/>
</kw>
<tag>Lista_user</tag>
<status status="PASS" starttime="20220131 21:57:50.959" endtime="20220131 21:58:00.084"/>
</test>
<doc>Aqui estarão presentes os cases de testes</doc>
<status status="PASS" starttime="20220131 21:57:50.750" endtime="20220131 21:58:00.086"/>
</suite>
<statistics>
<total>
<stat pass="1" fail="0" skip="0">All Tests</stat>
</total>
<tag>
<stat pass="1" fail="0" skip="0">Lista_user</stat>
</tag>
<suite>
<stat pass="1" fail="0" skip="0" id="s1" name="Webautomation">Webautomation</stat>
</suite>
</statistics>
<errors>
</errors>
</robot>
