<?xml version="1.0" encoding="UTF-8"?>
<robot generator="Robot 4.1 (Python 3.9.6 on win32)" generated="20220126 19:57:55.381" rpa="false" schemaversion="2">
<suite id="s1" name="Webautomation" source="C:\Automacao\Curso Prime\CURSO - PRIME\Projetos\WEB\tests\webautomation.robot">
<test id="s1-t1" name="Caso de Teste 01: Efetuar user com sucesso">
<kw name="Abrir navegador" library="hooks" type="SETUP">
<kw name="Open Browser" library="SeleniumLibrary">
<arg>browser=${BROWSER}</arg>
<arg>options=add_experimental_option('excludeSwitches', ['enable-logging'])</arg>
<doc>Opens a new browser instance to the optional ``url``.</doc>
<msg timestamp="20220126 19:57:55.587" level="INFO">Opening browser 'chrome' to base url 'None'.</msg>
<status status="PASS" starttime="20220126 19:57:55.587" endtime="20220126 19:57:56.700"/>
</kw>
<kw name="Maximize Browser Window" library="SeleniumLibrary">
<doc>Maximizes current browser window.</doc>
<status status="PASS" starttime="20220126 19:57:56.700" endtime="20220126 19:57:56.824"/>
</kw>
<status status="PASS" starttime="20220126 19:57:55.586" endtime="20220126 19:57:56.824"/>
</kw>
<kw name="Open Browser" library="SeleniumLibrary">
<arg>chrome</arg>
<doc>Opens a new browser instance to the optional ``url``.</doc>
<msg timestamp="20220126 19:57:56.826" level="INFO">Opening browser 'firefox' to base url 'chrome'.</msg>
<msg timestamp="20220126 19:57:56.828" level="INFO">Firefox driver log is always forced to to: C:\Automacao\Curso Prime\CURSO - PRIME\Projetos\WEB\log\geckodriver-4.log</msg>
<kw name="Capture Page Screenshot" library="SeleniumLibrary">
<doc>Takes a screenshot of the current page and embeds it into a log file.</doc>
<msg timestamp="20220126 19:58:02.664" level="INFO" html="true">&lt;/td&gt;&lt;/tr&gt;&lt;tr&gt;&lt;td colspan="3"&gt;&lt;a href="selenium-screenshot-35.png"&gt;&lt;img src="selenium-screenshot-35.png" width="800px"&gt;&lt;/a&gt;</msg>
<status status="PASS" starttime="20220126 19:58:02.623" endtime="20220126 19:58:02.664"/>
</kw>
<msg timestamp="20220126 19:58:02.668" level="FAIL">InvalidArgumentException: Message: Malformed URL: URL constructor: chrome is not a valid URL.
</msg>
<status status="FAIL" starttime="20220126 19:57:56.825" endtime="20220126 19:58:02.668"/>
</kw>
<kw name="Maximize Browser Window" library="SeleniumLibrary">
<doc>Maximizes current browser window.</doc>
<status status="NOT RUN" starttime="20220126 19:58:02.669" endtime="20220126 19:58:02.669"/>
</kw>
<status status="FAIL" starttime="20220126 19:57:55.586" endtime="20220126 19:58:02.669">InvalidArgumentException: Message: Malformed URL: URL constructor: chrome is not a valid URL.
</status>
</test>
<test id="s1-t2" name="Caso de Teste 02: Criar user com sucesso">
<kw name="Abrir navegador" library="hooks" type="SETUP">
<kw name="Open Browser" library="SeleniumLibrary">
<arg>browser=${BROWSER}</arg>
<arg>options=add_experimental_option('excludeSwitches', ['enable-logging'])</arg>
<doc>Opens a new browser instance to the optional ``url``.</doc>
<msg timestamp="20220126 19:58:02.674" level="INFO">Opening browser 'chrome' to base url 'None'.</msg>
<status status="PASS" starttime="20220126 19:58:02.672" endtime="20220126 19:58:03.803"/>
</kw>
<kw name="Maximize Browser Window" library="SeleniumLibrary">
<doc>Maximizes current browser window.</doc>
<status status="PASS" starttime="20220126 19:58:03.803" endtime="20220126 19:58:03.932"/>
</kw>
<status status="PASS" starttime="20220126 19:58:02.672" endtime="20220126 19:58:03.933"/>
</kw>
<kw name="Dado que o cliente esteja na tela de cadastro">
<kw name="Go To" library="SeleniumLibrary">
<arg>https://automacaocombatista.herokuapp.com/users/new</arg>
<doc>Navigates the current browser window to the provided ``url``.</doc>
<msg timestamp="20220126 19:58:03.937" level="INFO">Opening url 'https://automacaocombatista.herokuapp.com/users/new'</msg>
<status status="PASS" starttime="20220126 19:58:03.937" endtime="20220126 19:58:05.762"/>
</kw>
<status status="PASS" starttime="20220126 19:58:03.934" endtime="20220126 19:58:05.763"/>
</kw>
<status status="PASS" starttime="20220126 19:58:02.671" endtime="20220126 19:58:05.763"/>
</test>
<doc>Aqui estarão presentes os cases de testes</doc>
<status status="FAIL" starttime="20220126 19:57:55.384" endtime="20220126 19:58:05.764"/>
</suite>
<statistics>
<total>
<stat pass="1" fail="1" skip="0">All Tests</stat>
</total>
<tag>
</tag>
<suite>
<stat pass="1" fail="1" skip="0" id="s1" name="Webautomation">Webautomation</stat>
</suite>
</statistics>
<errors>
</errors>
</robot>
