<?xml version="1.0" encoding="UTF-8"?>
<robot generator="Robot 4.1.2 (Python 3.9.6 on win32)" generated="20211022 20:49:27.452" rpa="false" schemaversion="2">
<suite id="s1" name="Webautomation" source="C:\Users\User\Desktop\primehero\tests\webautomation.robot">
<test id="s1-t1" name="Caso de Teste 01: Pesquisar produto existente​">
<kw name="Abrir navegador" library="hooks" type="SETUP">
<kw name="Open Browser" library="SeleniumLibrary">
<arg>browser=${BROWSER}</arg>
<doc>Opens a new browser instance to the optional ``url``.</doc>
<msg timestamp="20211022 20:49:27.645" level="INFO">Opening browser 'chrome' to base url 'None'.</msg>
<status status="PASS" starttime="20211022 20:49:27.644" endtime="20211022 20:49:28.751"/>
</kw>
<kw name="Maximize Browser Window" library="SeleniumLibrary">
<doc>Maximizes current browser window.</doc>
<status status="PASS" starttime="20211022 20:49:28.751" endtime="20211022 20:49:28.885"/>
</kw>
<status status="PASS" starttime="20211022 20:49:27.644" endtime="20211022 20:49:28.885"/>
</kw>
<kw name="Acessar a página home do site Automation Practice​" library="kws_webautomation">
<kw name="Go To" library="SeleniumLibrary">
<arg>${URL}</arg>
<doc>Navigates the current browser window to the provided ``url``.</doc>
<msg timestamp="20211022 20:49:28.886" level="INFO">Opening url 'http://automationpractice.com/index.php'</msg>
<status status="PASS" starttime="20211022 20:49:28.886" endtime="20211022 20:49:33.345"/>
</kw>
<kw name="Title Should Be" library="SeleniumLibrary">
<arg>${HOME.TITLE_PAGE_HOME}</arg>
<doc>Verifies that the current page title equals ``title``.</doc>
<msg timestamp="20211022 20:49:33.354" level="INFO">Page title is 'My Store'.</msg>
<status status="PASS" starttime="20211022 20:49:33.345" endtime="20211022 20:49:33.354"/>
</kw>
<kw name="Wait Until Element Is Visible" library="SeleniumLibrary">
<arg>${HOME.HEADER_OPTIONS}</arg>
<doc>Waits until the element ``locator`` is visible.</doc>
<status status="PASS" starttime="20211022 20:49:33.354" endtime="20211022 20:49:33.390"/>
</kw>
<status status="PASS" starttime="20211022 20:49:28.885" endtime="20211022 20:49:33.390"/>
</kw>
<kw name="Digitar o nome do produto &quot;Blouse&quot; no campo de pesquisa​" library="kws_webautomation" sourcename="Digitar o nome do produto &quot;${PRODUTO}&quot; no campo de pesquisa​">
<kw name="Input Text" library="SeleniumLibrary">
<arg>${HOME.INPUT_BUSCA}</arg>
<arg>${PRODUTO}</arg>
<doc>Types the given ``text`` into the text field identified by ``locator``.</doc>
<msg timestamp="20211022 20:49:33.392" level="INFO">Typing text 'Blouse' into text field 'search_query_top'.</msg>
<status status="PASS" starttime="20211022 20:49:33.391" endtime="20211022 20:49:33.504"/>
</kw>
<status status="PASS" starttime="20211022 20:49:33.391" endtime="20211022 20:49:33.505"/>
</kw>
<kw name="Clicar no botão pesquisar​" library="kws_webautomation">
<kw name="Click Element" library="SeleniumLibrary">
<arg>${HOME.BTN_PESQUISAR}</arg>
<doc>Click the element identified by ``locator``.</doc>
<msg timestamp="20211022 20:49:33.508" level="INFO">Clicking element 'submit_search'.</msg>
<status status="PASS" starttime="20211022 20:49:33.507" endtime="20211022 20:49:34.394"/>
</kw>
<status status="PASS" starttime="20211022 20:49:33.506" endtime="20211022 20:49:34.394"/>
</kw>
<kw name="Conferir se o produto &quot;Blouse&quot; foi listado no site" library="kws_webautomation" sourcename="Conferir se o produto &quot;${PRODUTO}&quot; foi listado no site">
<kw name="Page Should Contain Image" library="SeleniumLibrary">
<arg>${HOME.IMG_BLOUSE}</arg>
<doc>Verifies image identified by ``locator`` is found from current page.</doc>
<kw name="Capture Page Screenshot" library="SeleniumLibrary">
<doc>Takes a screenshot of the current page and embeds it into a log file.</doc>
<msg timestamp="20211022 20:49:34.600" level="INFO" html="true">&lt;/td&gt;&lt;/tr&gt;&lt;tr&gt;&lt;td colspan="3"&gt;&lt;a href="selenium-screenshot-9.png"&gt;&lt;img src="selenium-screenshot-9.png" width="800px"&gt;&lt;/a&gt;</msg>
<status status="PASS" starttime="20211022 20:49:34.480" endtime="20211022 20:49:34.600"/>
</kw>
<msg timestamp="20211022 20:49:34.603" level="FAIL">Page should have contained image '//*[@id="center_column"]/*[@src='http://automationpractice.com/img/p/7/7-home_default.jpg']' but did not.</msg>
<status status="FAIL" starttime="20211022 20:49:34.395" endtime="20211022 20:49:34.603"/>
</kw>
<kw name="Title Should Be" library="SeleniumLibrary">
<arg>${HOME.TITLE_PAGE_PESQUISA}</arg>
<doc>Verifies that the current page title equals ``title``.</doc>
<status status="NOT RUN" starttime="20211022 20:49:34.603" endtime="20211022 20:49:34.603"/>
</kw>
<status status="FAIL" starttime="20211022 20:49:34.395" endtime="20211022 20:49:34.603"/>
</kw>
<kw name="Fechar navegador" library="hooks" type="TEARDOWN">
<kw name="Close Browser" library="SeleniumLibrary">
<doc>Closes the current browser.</doc>
<status status="PASS" starttime="20211022 20:49:34.605" endtime="20211022 20:49:36.778"/>
</kw>
<status status="PASS" starttime="20211022 20:49:34.604" endtime="20211022 20:49:36.778"/>
</kw>
<tag>PESQUISAR</tag>
<status status="FAIL" starttime="20211022 20:49:27.643" endtime="20211022 20:49:36.779">Page should have contained image '//*[@id="center_column"]/*[@src='http://automationpractice.com/img/p/7/7-home_default.jpg']' but did not.</status>
</test>
<doc>Aqui estarão presentes os primeiros testes automatizados Web.</doc>
<status status="FAIL" starttime="20211022 20:49:27.453" endtime="20211022 20:49:36.782"/>
</suite>
<statistics>
<total>
<stat pass="0" fail="1" skip="0">All Tests</stat>
</total>
<tag>
<stat pass="0" fail="1" skip="0">PESQUISAR</stat>
</tag>
<suite>
<stat pass="0" fail="1" skip="0" id="s1" name="Webautomation">Webautomation</stat>
</suite>
</statistics>
<errors>
</errors>
</robot>
